<?xml version="1.0" encoding="UTF-8"?>
<testng-results skipped="0" failed="0" ignored="0" total="1" passed="1">
  <reporter-output>
  </reporter-output>
  <suite name="Assessment Test Suite" duration-ms="10065" started-at="2022-10-05T03:11:55 IST" finished-at="2022-10-05T03:12:05 IST">
    <groups>
    </groups>
    <test name="Assessment Tests" duration-ms="10065" started-at="2022-10-05T03:11:55 IST" finished-at="2022-10-05T03:12:05 IST">
      <class name="testCase.TC001_nCino">
        <test-method status="PASS" signature="setup()[pri:0, instance:testCase.TC001_nCino@150c158]" name="setup" is-config="true" duration-ms="5170" started-at="2022-10-05T03:11:56 IST" finished-at="2022-10-05T03:12:01 IST">
          <reporter-output>
          </reporter-output>
        </test-method> <!-- setup -->
        <test-method status="PASS" signature="adding_item()[pri:0, instance:testCase.TC001_nCino@150c158]" name="adding_item" duration-ms="4116" started-at="2022-10-05T03:12:01 IST" finished-at="2022-10-05T03:12:05 IST">
          <reporter-output>
          </reporter-output>
        </test-method> <!-- adding_item -->
        <test-method status="PASS" signature="tearDown()[pri:0, instance:testCase.TC001_nCino@150c158]" name="tearDown" is-config="true" duration-ms="208" started-at="2022-10-05T03:12:05 IST" finished-at="2022-10-05T03:12:05 IST">
          <reporter-output>
          </reporter-output>
        </test-method> <!-- tearDown -->
      </class> <!-- testCase.TC001_nCino -->
    </test> <!-- Assessment Tests -->
  </suite> <!-- Assessment Test Suite -->
</testng-results>
